0 info it worked if it ends with ok
1 verbose cli [ 'C:\\Program Files\\nodejs\\node.exe',
1 verbose cli   'C:\\Users\\Daniel\\AppData\\Roaming\\npm\\node_modules\\npm\\bin\\npm-cli.js',
1 verbose cli   'start' ]
2 info using npm@3.9.2
3 info using node@v8.1.4
4 verbose run-script [ 'prestart', 'start', 'poststart' ]
5 info lifecycle leaveApplication@0.0.1~prestart: leaveApplication@0.0.1
6 silly lifecycle leaveApplication@0.0.1~prestart: no script for prestart, continuing
7 info lifecycle leaveApplication@0.0.1~start: leaveApplication@0.0.1
8 verbose lifecycle leaveApplication@0.0.1~start: unsafe-perm in lifecycle true
9 verbose lifecycle leaveApplication@0.0.1~start: PATH: C:\Users\Daniel\AppData\Roaming\npm\node_modules\npm\bin\node-gyp-bin;C:\Projects\MegaBoilerPlateFYP\node_modules\.bin;C:\Program Files\nodejs;C:\Users\Daniel\Downloads\cmder\bin;C:\Program Files\Git\bin;C:\Program Files\Git\usr\bin;C:\Program Files\Git\share\vim\vim74;C:\Users\Daniel\Downloads\cmder\vendor\conemu-maximus5\ConEmu\Scripts;C:\Users\Daniel\Downloads\cmder\vendor\conemu-maximus5;C:\Users\Daniel\Downloads\cmder\vendor\conemu-maximus5\ConEmu;C:\Program Files (x86)\Common Files\Oracle\Java\javapath;C:\Program Files (x86)\NVIDIA Corporation\PhysX\Common;C:\ProgramData\Oracle\Java\javapath;C:\WINDOWS\system32;C:\WINDOWS;C:\WINDOWS\System32\Wbem;C:\WINDOWS\System32\WindowsPowerShell\v1.0\;C:\Program Files (x86)\AMD\ATI.ACE\Core-Static;C:\Program Files (x86)\Windows Kits\8.1\Windows Performance Toolkit\;C:\Program Files\Microsoft SQL Server\110\Tools\Binn\;C:\Program Files (x86)\Microsoft SDKs\TypeScript\1.0\;C:\Program Files\MongoDB\Server\3.0\bin;C:\Python27;C:\HashiCorp\Vagrant\bin;C:\Program Files (x86)\ATI Technologies\ATI.ACE\Core-Static;C:\Program Files (x86)\CodeBlocks\MinGW\bin;C:\Users\Daniel\AppData\Roaming\nvm;C:\Program Files\nodejs;C:\Python27\Scripts;C:\Program Files\nodejs\;C:\Program Files\Git\cmd;C:\Program Files\IBM\SPSS\Statistics\Subscription\JRE\bin;C:\Program Files (x86)\MySQL\MySQL Utilities 1.6\;C:\Program Files (x86)\Microsoft SQL Server\Client SDK\ODBC\130\Tools\Binn\;C:\Program Files (x86)\Microsoft SQL Server\140\Tools\Binn\;C:\Program Files (x86)\Microsoft SQL Server\140\DTS\Binn\;C:\Program Files (x86)\Microsoft SQL Server\140\Tools\Binn\ManagementStudio\;C:\Program Files\Microsoft SQL Server\Client SDK\ODBC\130\Tools\Binn\;C:\Program Files\Microsoft SQL Server\140\Tools\Binn\;C:\Program Files\Microsoft SQL Server\140\DTS\Binn\;;C:\WINDOWS\System32\OpenSSH\;C:\Users\Daniel\AppData\Local\Programs\Python\Python35-32\Scripts\;C:\Users\Daniel\AppData\Local\Programs\Python\Python35-32\;C:\Program Files\MongoDB 2.6 Standard\bin;C:\Program Files (x86)\Git\bin;C:\Users\Daniel\AppData\Roaming\nvm;C:\Program Files\nodejs;C:\Users\Daniel\AppData\Local\Microsoft\WindowsApps;C:\Program Files\Heroku\bin;C:\Users\Daniel\AppData\Roaming\npm;C:\Program Files\Microsoft VS Code\bin;;C:\Users\Daniel\Downloads\cmder
10 verbose lifecycle leaveApplication@0.0.1~start: CWD: C:\Projects\MegaBoilerPlateFYP
11 silly lifecycle leaveApplication@0.0.1~start: Args: [ '/d /s /c', 'node server.js' ]
12 silly lifecycle leaveApplication@0.0.1~start: Returned: code: 1  signal: null
13 info lifecycle leaveApplication@0.0.1~start: Failed to exec start script
14 verbose stack Error: leaveApplication@0.0.1 start: `node server.js`
14 verbose stack Exit status 1
14 verbose stack     at EventEmitter.<anonymous> (C:\Users\Daniel\AppData\Roaming\npm\node_modules\npm\lib\utils\lifecycle.js:245:16)
14 verbose stack     at emitTwo (events.js:125:13)
14 verbose stack     at EventEmitter.emit (events.js:213:7)
14 verbose stack     at ChildProcess.<anonymous> (C:\Users\Daniel\AppData\Roaming\npm\node_modules\npm\lib\utils\spawn.js:24:14)
14 verbose stack     at emitTwo (events.js:125:13)
14 verbose stack     at ChildProcess.emit (events.js:213:7)
14 verbose stack     at maybeClose (internal/child_process.js:897:16)
14 verbose stack     at Process.ChildProcess._handle.onexit (internal/child_process.js:208:5)
15 verbose pkgid leaveApplication@0.0.1
16 verbose cwd C:\Projects\MegaBoilerPlateFYP
17 error Windows_NT 10.0.17134
18 error argv "C:\\Program Files\\nodejs\\node.exe" "C:\\Users\\Daniel\\AppData\\Roaming\\npm\\node_modules\\npm\\bin\\npm-cli.js" "start"
19 error node v8.1.4
20 error npm  v3.9.2
21 error code ELIFECYCLE
22 error leaveApplication@0.0.1 start: `node server.js`
22 error Exit status 1
23 error Failed at the leaveApplication@0.0.1 start script 'node server.js'.
23 error Make sure you have the latest version of node.js and npm installed.
23 error If you do, this is most likely a problem with the leaveApplication package,
23 error not with npm itself.
23 error Tell the author that this fails on your system:
23 error     node server.js
23 error You can get information on how to open an issue for this project with:
23 error     npm bugs leaveApplication
23 error Or if that isn't available, you can get their info via:
23 error     npm owner ls leaveApplication
23 error There is likely additional logging output above.
24 verbose exit [ 1, true ]
